<?xml version="1.0" encoding="UTF-8"?>
<testsuite xmlns:xsi="http://www.w3.org/2001/XMLSchema-instance" xsi:noNamespaceSchemaLocation="https://maven.apache.org/surefire/maven-surefire-plugin/xsd/surefire-test-report.xsd" name="tasks.services.DateServiceTest" time="0" tests="2" errors="2" skipped="0" failures="0">
  <properties>
[...]
</properties>
  <testcase name="getLocalDateValueFromDate" classname="tasks.services.DateServiceTest" time="0">
    <error message="Unable to make tasks.services.DateServiceTest() accessible: module tasks does not &quot;opens tasks.services&quot; to unnamed module @9353778" type="java.lang.reflect.InaccessibleObjectException">java.lang.reflect.InaccessibleObjectException: Unable to make tasks.services.DateServiceTest() accessible: module tasks does not "opens tasks.services" to unnamed module @9353778
</error>
  </testcase>
  <testcase name="getDateValueFromLocalDate" classname="tasks.services.DateServiceTest" time="0">
    <error message="Unable to make tasks.services.DateServiceTest() accessible: module tasks does not &quot;opens tasks.services&quot; to unnamed module @9353778" type="java.lang.reflect.InaccessibleObjectException">java.lang.reflect.InaccessibleObjectException: Unable to make tasks.services.DateServiceTest() accessible: module tasks does not "opens tasks.services" to unnamed module @9353778
</error>
  </testcase>
</testsuite>